<?xml version="1.0" encoding="UTF-8"?>
<!-- Generated by org.testng.reporters.JUnitXMLReporter -->
<testsuite hostname="MacBook-Pro-cua-LV.local" ignored="0" tests="1" failures="1" timestamp="18 Sep 2020 10:53:07 GMT" time="0.026" errors="0">
  <testcase name="multiplicationOfZeroIntegersShouldReturnZero" time="0.001" classname="WebTest">
    <failure type="java.lang.NullPointerException">
      <![CDATA[java.lang.NullPointerException
at WebTest.multiplicationOfZeroIntegersShouldReturnZero(WebTest.java:9)
... Removed 35 stack frames]]>
    </failure>
  </testcase> <!-- multiplicationOfZeroIntegersShouldReturnZero -->
</testsuite>
