<?xml version="1.0" encoding="UTF-8" ?>
<testsuite tests="1" failures="1" name="TestSuite" time="0.003" errors="0" skipped="0">
  <properties>
[...]
</properties>
  <testcase classname="WebTest" name="multiplicationOfZeroIntegersShouldReturnZero" time="0.003">
    <failure type="java.lang.NullPointerException">java.lang.NullPointerException
	at WebTest.multiplicationOfZeroIntegersShouldReturnZero(WebTest.java:9)
</failure>
    <system-out>Configuring TestNG with: org.apache.maven.surefire.testng.conf.TestNG652Configurator@29444d75
/Users/quynhlan/IdeaProjects/Example
</system-out>
    <system-err>Sep 18, 2020 5:53:06 PM org.openqa.selenium.remote.ProtocolHandshake createSession
INFO: Detected dialect: W3C
</system-err>
  </testcase>
</testsuite>