-------------------------------------------------------------------------------
Test set: TestSuite
-------------------------------------------------------------------------------
Tests run: 1, Failures: 1, Errors: 0, Skipped: 0, Time elapsed: 9.81 sec <<< FAILURE!
multiplicationOfZeroIntegersShouldReturnZero(WebTest)  Time elapsed: 0.003 sec  <<< FAILURE!
java.lang.NullPointerException
	at WebTest.multiplicationOfZeroIntegersShouldReturnZero(WebTest.java:9)

